[3736:8636:0607/154822.727:WARNING:chrome\browser\chrome_browser_main_win.cc:1570] Edge is running elevated: 1
[3736:8636:0607/154822.774:WARNING:chrome\browser\extensions\activity_log\activity_log_policy.cc:68] Scheduling init
[3736:8636:0607/154822.774:WARNING:chrome\browser\extensions\activity_log\activity_log_policy.cc:68] Scheduling init
[21800:9300:0607/154824.026:WARNING:ui\gl\angle_platform_impl.cc:54] HLSLCompiler.cpp:250 (rx::HLSLCompiler::compileToBinary): 
C:\fakepath(139,3-70): warning X3557: loop only executes for 1 iteration(s), forcing loop to unroll

[3736:8636:0607/154825.735:INFO:CONSOLE:163] "Event handler of 'x-storagemutated-1' event must be added on the initial evaluation of worker script.", source: https://static.whatsapp.net/rsrc.php/v4/yv/r/uhwV2Qz8YC6.js (163)
[3736:8636:0607/154830.426:WARNING:chrome\browser\ui\edge_window_tab_manager\api\wtm_image_web_contents_helper.cc:872] Favicon request has been preempted. Skipping.  old request_start_time=2025-06-07 10:18:23.104442 UTC, pending_favicon_request_start_time_=2025-06-07 10:18:26.809568 UTC
[3736:8636:0607/154830.427:WARNING:chrome\browser\ui\edge_window_tab_manager\api\wtm_image_web_contents_helper.cc:872] Favicon request has been preempted. Skipping.  old request_start_time=2025-06-07 10:18:23.668340 UTC, pending_favicon_request_start_time_=2025-06-07 10:18:26.809568 UTC
[3736:8636:0607/154830.427:WARNING:chrome\browser\ui\edge_window_tab_manager\api\wtm_image_web_contents_helper.cc:872] Favicon request has been preempted. Skipping.  old request_start_time=2025-06-07 10:18:24.729301 UTC, pending_favicon_request_start_time_=2025-06-07 10:18:26.809568 UTC
[3736:8636:0607/154830.427:WARNING:chrome\browser\ui\edge_window_tab_manager\api\wtm_image_web_contents_helper.cc:872] Favicon request has been preempted. Skipping.  old request_start_time=2025-06-07 10:18:24.748078 UTC, pending_favicon_request_start_time_=2025-06-07 10:18:26.809568 UTC
[3736:8636:0607/154830.427:WARNING:chrome\browser\ui\edge_window_tab_manager\api\wtm_image_web_contents_helper.cc:872] Favicon request has been preempted. Skipping.  old request_start_time=2025-06-07 10:18:26.208698 UTC, pending_favicon_request_start_time_=2025-06-07 10:18:26.809568 UTC
[3736:8636:0607/154830.427:WARNING:chrome\browser\ui\edge_window_tab_manager\api\wtm_image_web_contents_helper.cc:872] Favicon request has been preempted. Skipping.  old request_start_time=2025-06-07 10:18:26.645397 UTC, pending_favicon_request_start_time_=2025-06-07 10:18:26.809568 UTC
[21076:3168:0607/154830.527:INFO:components\services\edge_entity_extraction\extractor_impl.cc:990] ExtractorImpl::SetIsPendingEEConfig : 1
[3736:8636:0607/154830.897:WARNING:chrome\browser\edge_underside\underside_helper.cc:1319] If test does not need FrontLoad, this may be expected. SetFrontLoadDecision: 3
[3736:8636:0607/154837.334:INFO:CONSOLE:76] "Uncaught (in promise) Error: secretKey is null or undefined", source: https://static.whatsapp.net/rsrc.php/v4/yU/r/qgLOtQHluXZ.js (76)
[3736:8636:0607/154844.403:INFO:CONSOLE:76] "ErrorUtils caught an error:

Converting to a string will drop content data. Hash="undefined" Translation="{user_name} removed {names}" Content="{"key":null,"ref":null,"props":{"contact":{"id":"919694089702@c.us","type":"in","textStatusLastUpdateTime":-1,"syncToAddressbook":false},"showNotifyName":true,"elevatedPushNamesEnabled":true,"onClick":null}}" (type=object,Object)

Subsequent non-fatal errors won't be logged; see https://fburl.com/debugjs. [object Object]", source: https://static.whatsapp.net/rsrc.php/v4/yU/r/qgLOtQHluXZ.js (76)
[3736:8636:0607/154946.074:WARNING:components\prefs\pref_notifier_impl.cc:41] Pref observer for video_enhancement.mode found at shutdown.
[3736:8636:0607/154946.291:WARNING:components\prefs\pref_notifier_impl.cc:41] Pref observer for browser.touch_mode found at shutdown.
[3736:8636:0607/154946.291:WARNING:components\prefs\pref_notifier_impl.cc:41] Pref observer for edge_screenshot.shortcut.main found at shutdown.
